<?xml version="1.0" encoding="UTF-8"?>
<testsuite xmlns:xsi="http://www.w3.org/2001/XMLSchema-instance" xsi:noNamespaceSchemaLocation="https://maven.apache.org/surefire/maven-surefire-plugin/xsd/surefire-test-report.xsd" name="Authentication" time="36.779" tests="3" errors="0" skipped="0" failures="0">
  <properties>
[...]
</properties>
  <testcase name="Log in with valid credentials" classname="Authentication" time="24.372"/>
  <testcase name="Log in with invalid credentials" classname="Authentication" time="6.917"/>
  <testcase name="Log off" classname="Authentication" time="5.489"/>
</testsuite>